{"C:\\Users\\Milindh\\AutomaticScheduler\\setAvail.js": {"path":"C:\\Users\\Milindh\\AutomaticScheduler\\setAvail.js","statementMap":{"0":{"start":{"line":2,"column":4},"end":{"line":2,"column":89}},"1":{"start":{"line":6,"column":22},"end":{"line":6,"column":72}},"2":{"start":{"line":7,"column":20},"end":{"line":7,"column":67}},"3":{"start":{"line":8,"column":23},"end":{"line":8,"column":73}},"4":{"start":{"line":9,"column":21},"end":{"line":9,"column":69}},"5":{"start":{"line":10,"column":25},"end":{"line":10,"column":77}},"6":{"start":{"line":11,"column":23},"end":{"line":11,"column":73}},"7":{"start":{"line":12,"column":24},"end":{"line":12,"column":75}},"8":{"start":{"line":13,"column":22},"end":{"line":13,"column":74}},"9":{"start":{"line":14,"column":22},"end":{"line":14,"column":71}},"10":{"start":{"line":15,"column":20},"end":{"line":15,"column":67}},"11":{"start":{"line":16,"column":24},"end":{"line":16,"column":75}},"12":{"start":{"line":17,"column":22},"end":{"line":17,"column":71}},"13":{"start":{"line":18,"column":22},"end":{"line":18,"column":71}},"14":{"start":{"line":19,"column":20},"end":{"line":19,"column":67}},"15":{"start":{"line":20,"column":25},"end":{"line":20,"column":77}},"16":{"start":{"line":21,"column":23},"end":{"line":21,"column":72}},"17":{"start":{"line":22,"column":20},"end":{"line":22,"column":56}},"18":{"start":{"line":23,"column":12},"end":{"line":23,"column":13}},"19":{"start":{"line":26,"column":4},"end":{"line":26,"column":92}},"20":{"start":{"line":27,"column":4},"end":{"line":30,"column":5}},"21":{"start":{"line":28,"column":8},"end":{"line":28,"column":117}},"22":{"start":{"line":28,"column":31},"end":{"line":28,"column":108}},"23":{"start":{"line":29,"column":8},"end":{"line":29,"column":14}},"24":{"start":{"line":31,"column":0},"end":{"line":31,"column":27}},"25":{"start":{"line":34,"column":4},"end":{"line":34,"column":59}},"26":{"start":{"line":36,"column":4},"end":{"line":36,"column":15}},"27":{"start":{"line":38,"column":4},"end":{"line":38,"column":23}},"28":{"start":{"line":44,"column":15},"end":{"line":44,"column":23}},"29":{"start":{"line":45,"column":15},"end":{"line":45,"column":21}},"30":{"start":{"line":46,"column":15},"end":{"line":46,"column":23}},"31":{"start":{"line":47,"column":15},"end":{"line":47,"column":21}},"32":{"start":{"line":48,"column":15},"end":{"line":48,"column":23}},"33":{"start":{"line":49,"column":15},"end":{"line":49,"column":21}},"34":{"start":{"line":50,"column":15},"end":{"line":50,"column":23}},"35":{"start":{"line":51,"column":15},"end":{"line":51,"column":21}},"36":{"start":{"line":52,"column":15},"end":{"line":52,"column":23}},"37":{"start":{"line":53,"column":15},"end":{"line":53,"column":21}},"38":{"start":{"line":54,"column":15},"end":{"line":54,"column":23}},"39":{"start":{"line":55,"column":15},"end":{"line":55,"column":21}},"40":{"start":{"line":56,"column":15},"end":{"line":56,"column":23}},"41":{"start":{"line":57,"column":15},"end":{"line":57,"column":21}},"42":{"start":{"line":58,"column":15},"end":{"line":58,"column":25}},"43":{"start":{"line":59,"column":15},"end":{"line":59,"column":23}},"44":{"start":{"line":64,"column":0},"end":{"line":64,"column":27}}},"fnMap":{"0":{"name":"setAvail","decl":{"start":{"line":1,"column":9},"end":{"line":1,"column":17}},"loc":{"start":{"line":1,"column":21},"end":{"line":3,"column":3}},"line":1},"1":{"name":"saveIssue","decl":{"start":{"line":5,"column":9},"end":{"line":5,"column":18}},"loc":{"start":{"line":5,"column":23},"end":{"line":40,"column":1}},"line":5},"2":{"name":"(anonymous_2)","decl":{"start":{"line":28,"column":20},"end":{"line":28,"column":21}},"loc":{"start":{"line":28,"column":30},"end":{"line":28,"column":109}},"line":28},"3":{"name":"sendData","decl":{"start":{"line":42,"column":9},"end":{"line":42,"column":17}},"loc":{"start":{"line":42,"column":232},"end":{"line":62,"column":1}},"line":42}},"branchMap":{"0":{"loc":{"start":{"line":27,"column":4},"end":{"line":30,"column":5}},"type":"if","locations":[{"start":{"line":27,"column":4},"end":{"line":30,"column":5}},{"start":{"line":27,"column":4},"end":{"line":30,"column":5}}],"line":27}},"s":{"0":0,"1":0,"2":0,"3":0,"4":0,"5":0,"6":0,"7":0,"8":0,"9":0,"10":0,"11":0,"12":0,"13":0,"14":0,"15":0,"16":0,"17":0,"18":0,"19":0,"20":0,"21":0,"22":0,"23":0,"24":0,"25":0,"26":0,"27":0,"28":0,"29":0,"30":0,"31":0,"32":0,"33":0,"34":0,"35":0,"36":0,"37":0,"38":0,"39":0,"40":0,"41":0,"42":0,"43":0,"44":1},"f":{"0":0,"1":0,"2":0,"3":0},"b":{"0":[0,0]},"_coverageSchema":"43e27e138ebf9cfc5966b082cf9a028302ed4184","hash":"dc38c8277cc176303ed0b81f2a33cc24a0c9314f"}
,"C:\\Users\\Milindh\\AutomaticScheduler\\sum.js": {"path":"C:\\Users\\Milindh\\AutomaticScheduler\\sum.js","statementMap":{"0":{"start":{"line":2,"column":2},"end":{"line":2,"column":15}},"1":{"start":{"line":4,"column":0},"end":{"line":4,"column":21}}},"fnMap":{"0":{"name":"sum","decl":{"start":{"line":1,"column":9},"end":{"line":1,"column":12}},"loc":{"start":{"line":1,"column":19},"end":{"line":3,"column":1}},"line":1}},"branchMap":{},"s":{"0":1,"1":1},"f":{"0":1},"b":{},"_coverageSchema":"43e27e138ebf9cfc5966b082cf9a028302ed4184","hash":"86c6cfa400d59d3918eab77ffc5dfe40f9532f07"}
}
