{"/Users/jacobhulten/Desktop/project/AutomaticScheduler/index.js": {"path":"/Users/jacobhulten/Desktop/project/AutomaticScheduler/index.js","statementMap":{"0":{"start":{"line":1,"column":19},"end":{"line":1,"column":20}},"1":{"start":{"line":2,"column":19},"end":{"line":2,"column":23}},"2":{"start":{"line":20,"column":0},"end":{"line":41,"column":1}},"3":{"start":{"line":21,"column":19},"end":{"line":21,"column":62}},"4":{"start":{"line":22,"column":19},"end":{"line":22,"column":65}},"5":{"start":{"line":23,"column":4},"end":{"line":40,"column":7}},"6":{"start":{"line":24,"column":6},"end":{"line":39,"column":7}},"7":{"start":{"line":25,"column":10},"end":{"line":25,"column":36}},"8":{"start":{"line":26,"column":10},"end":{"line":26,"column":49}},"9":{"start":{"line":27,"column":10},"end":{"line":27,"column":22}},"10":{"start":{"line":30,"column":10},"end":{"line":30,"column":26}},"11":{"start":{"line":31,"column":10},"end":{"line":31,"column":59}},"12":{"start":{"line":33,"column":10},"end":{"line":38,"column":11}},"13":{"start":{"line":34,"column":14},"end":{"line":34,"column":68}},"14":{"start":{"line":35,"column":14},"end":{"line":35,"column":71}},"15":{"start":{"line":36,"column":14},"end":{"line":36,"column":64}},"16":{"start":{"line":37,"column":10},"end":{"line":37,"column":23}},"17":{"start":{"line":44,"column":0},"end":{"line":54,"column":1}},"18":{"start":{"line":45,"column":19},"end":{"line":45,"column":38}},"19":{"start":{"line":46,"column":19},"end":{"line":46,"column":40}},"20":{"start":{"line":47,"column":18},"end":{"line":50,"column":6}},"21":{"start":{"line":51,"column":14},"end":{"line":51,"column":25}},"22":{"start":{"line":52,"column":4},"end":{"line":52,"column":16}},"23":{"start":{"line":53,"column":4},"end":{"line":53,"column":21}},"24":{"start":{"line":57,"column":0},"end":{"line":72,"column":1}},"25":{"start":{"line":58,"column":19},"end":{"line":58,"column":38}},"26":{"start":{"line":59,"column":19},"end":{"line":59,"column":40}},"27":{"start":{"line":60,"column":17},"end":{"line":60,"column":22}},"28":{"start":{"line":61,"column":4},"end":{"line":71,"column":7}},"29":{"start":{"line":62,"column":8},"end":{"line":68,"column":11}},"30":{"start":{"line":63,"column":28},"end":{"line":63,"column":47}},"31":{"start":{"line":64,"column":29},"end":{"line":64,"column":49}},"32":{"start":{"line":65,"column":12},"end":{"line":67,"column":13}},"33":{"start":{"line":66,"column":14},"end":{"line":66,"column":28}},"34":{"start":{"line":69,"column":8},"end":{"line":69,"column":28}},"35":{"start":{"line":70,"column":8},"end":{"line":70,"column":25}},"36":{"start":{"line":74,"column":0},"end":{"line":90,"column":1}},"37":{"start":{"line":75,"column":19},"end":{"line":75,"column":38}},"38":{"start":{"line":76,"column":19},"end":{"line":76,"column":40}},"39":{"start":{"line":77,"column":17},"end":{"line":77,"column":22}},"40":{"start":{"line":78,"column":4},"end":{"line":89,"column":7}},"41":{"start":{"line":79,"column":8},"end":{"line":86,"column":11}},"42":{"start":{"line":80,"column":28},"end":{"line":80,"column":47}},"43":{"start":{"line":81,"column":29},"end":{"line":81,"column":49}},"44":{"start":{"line":82,"column":32},"end":{"line":82,"column":55}},"45":{"start":{"line":83,"column":12},"end":{"line":85,"column":13}},"46":{"start":{"line":84,"column":14},"end":{"line":84,"column":28}},"47":{"start":{"line":87,"column":8},"end":{"line":87,"column":28}},"48":{"start":{"line":88,"column":8},"end":{"line":88,"column":25}},"49":{"start":{"line":92,"column":0},"end":{"line":103,"column":1}},"50":{"start":{"line":93,"column":20},"end":{"line":93,"column":62}},"51":{"start":{"line":94,"column":4},"end":{"line":94,"column":24}},"52":{"start":{"line":95,"column":4},"end":{"line":102,"column":5}},"53":{"start":{"line":96,"column":8},"end":{"line":96,"column":42}},"54":{"start":{"line":97,"column":8},"end":{"line":97,"column":21}},"55":{"start":{"line":99,"column":8},"end":{"line":99,"column":32}},"56":{"start":{"line":100,"column":8},"end":{"line":100,"column":46}},"57":{"start":{"line":101,"column":8},"end":{"line":101,"column":20}},"58":{"start":{"line":107,"column":0},"end":{"line":134,"column":1}},"59":{"start":{"line":108,"column":16},"end":{"line":108,"column":62}},"60":{"start":{"line":109,"column":19},"end":{"line":109,"column":68}},"61":{"start":{"line":110,"column":20},"end":{"line":110,"column":70}},"62":{"start":{"line":111,"column":4},"end":{"line":133,"column":7}},"63":{"start":{"line":112,"column":8},"end":{"line":132,"column":9}},"64":{"start":{"line":113,"column":12},"end":{"line":113,"column":46}},"65":{"start":{"line":114,"column":12},"end":{"line":114,"column":25}},"66":{"start":{"line":123,"column":13},"end":{"line":132,"column":9}},"67":{"start":{"line":124,"column":12},"end":{"line":124,"column":46}},"68":{"start":{"line":125,"column":12},"end":{"line":125,"column":25}},"69":{"start":{"line":128,"column":12},"end":{"line":128,"column":42}},"70":{"start":{"line":129,"column":12},"end":{"line":129,"column":37}},"71":{"start":{"line":130,"column":12},"end":{"line":130,"column":48}},"72":{"start":{"line":131,"column":12},"end":{"line":131,"column":24}}},"fnMap":{"0":{"name":"validateLogin","decl":{"start":{"line":20,"column":26},"end":{"line":20,"column":39}},"loc":{"start":{"line":20,"column":41},"end":{"line":41,"column":1}},"line":20},"1":{"name":"(anonymous_1)","decl":{"start":{"line":23,"column":46},"end":{"line":23,"column":47}},"loc":{"start":{"line":23,"column":60},"end":{"line":40,"column":5}},"line":23},"2":{"name":"writeUserData","decl":{"start":{"line":44,"column":26},"end":{"line":44,"column":39}},"loc":{"start":{"line":44,"column":61},"end":{"line":54,"column":1}},"line":44},"3":{"name":"checkUserExists","decl":{"start":{"line":57,"column":26},"end":{"line":57,"column":41}},"loc":{"start":{"line":57,"column":72},"end":{"line":72,"column":1}},"line":57},"4":{"name":"(anonymous_4)","decl":{"start":{"line":61,"column":27},"end":{"line":61,"column":28}},"loc":{"start":{"line":61,"column":45},"end":{"line":71,"column":5}},"line":61},"5":{"name":"(anonymous_5)","decl":{"start":{"line":62,"column":25},"end":{"line":62,"column":26}},"loc":{"start":{"line":62,"column":48},"end":{"line":68,"column":9}},"line":62},"6":{"name":"verifyUserCredentials","decl":{"start":{"line":74,"column":26},"end":{"line":74,"column":47}},"loc":{"start":{"line":74,"column":78},"end":{"line":90,"column":1}},"line":74},"7":{"name":"(anonymous_7)","decl":{"start":{"line":78,"column":27},"end":{"line":78,"column":28}},"loc":{"start":{"line":78,"column":45},"end":{"line":89,"column":5}},"line":78},"8":{"name":"(anonymous_8)","decl":{"start":{"line":79,"column":25},"end":{"line":79,"column":26}},"loc":{"start":{"line":79,"column":48},"end":{"line":86,"column":9}},"line":79},"9":{"name":"validateAdmin","decl":{"start":{"line":92,"column":26},"end":{"line":92,"column":39}},"loc":{"start":{"line":92,"column":41},"end":{"line":103,"column":1}},"line":92},"10":{"name":"validateRegister","decl":{"start":{"line":107,"column":26},"end":{"line":107,"column":42}},"loc":{"start":{"line":107,"column":44},"end":{"line":134,"column":1}},"line":107},"11":{"name":"(anonymous_11)","decl":{"start":{"line":111,"column":36},"end":{"line":111,"column":37}},"loc":{"start":{"line":111,"column":50},"end":{"line":133,"column":5}},"line":111}},"branchMap":{"0":{"loc":{"start":{"line":24,"column":6},"end":{"line":39,"column":7}},"type":"if","locations":[{"start":{"line":24,"column":6},"end":{"line":39,"column":7}},{"start":{"line":24,"column":6},"end":{"line":39,"column":7}}],"line":24},"1":{"loc":{"start":{"line":33,"column":10},"end":{"line":38,"column":11}},"type":"if","locations":[{"start":{"line":33,"column":10},"end":{"line":38,"column":11}},{"start":{"line":33,"column":10},"end":{"line":38,"column":11}}],"line":33},"2":{"loc":{"start":{"line":65,"column":12},"end":{"line":67,"column":13}},"type":"if","locations":[{"start":{"line":65,"column":12},"end":{"line":67,"column":13}},{"start":{"line":65,"column":12},"end":{"line":67,"column":13}}],"line":65},"3":{"loc":{"start":{"line":83,"column":12},"end":{"line":85,"column":13}},"type":"if","locations":[{"start":{"line":83,"column":12},"end":{"line":85,"column":13}},{"start":{"line":83,"column":12},"end":{"line":85,"column":13}}],"line":83},"4":{"loc":{"start":{"line":83,"column":16},"end":{"line":83,"column":68}},"type":"binary-expr","locations":[{"start":{"line":83,"column":16},"end":{"line":83,"column":39}},{"start":{"line":83,"column":43},"end":{"line":83,"column":68}}],"line":83},"5":{"loc":{"start":{"line":95,"column":4},"end":{"line":102,"column":5}},"type":"if","locations":[{"start":{"line":95,"column":4},"end":{"line":102,"column":5}},{"start":{"line":95,"column":4},"end":{"line":102,"column":5}}],"line":95},"6":{"loc":{"start":{"line":112,"column":8},"end":{"line":132,"column":9}},"type":"if","locations":[{"start":{"line":112,"column":8},"end":{"line":132,"column":9}},{"start":{"line":112,"column":8},"end":{"line":132,"column":9}}],"line":112},"7":{"loc":{"start":{"line":123,"column":13},"end":{"line":132,"column":9}},"type":"if","locations":[{"start":{"line":123,"column":13},"end":{"line":132,"column":9}},{"start":{"line":123,"column":13},"end":{"line":132,"column":9}}],"line":123}},"s":{"0":1,"1":1,"2":1,"3":0,"4":0,"5":0,"6":0,"7":0,"8":0,"9":0,"10":0,"11":0,"12":0,"13":0,"14":0,"15":0,"16":0,"17":1,"18":0,"19":0,"20":0,"21":0,"22":0,"23":0,"24":1,"25":0,"26":0,"27":0,"28":0,"29":0,"30":0,"31":0,"32":0,"33":0,"34":0,"35":0,"36":1,"37":0,"38":0,"39":0,"40":0,"41":0,"42":0,"43":0,"44":0,"45":0,"46":0,"47":0,"48":0,"49":1,"50":0,"51":0,"52":0,"53":0,"54":0,"55":0,"56":0,"57":0,"58":1,"59":0,"60":0,"61":0,"62":0,"63":0,"64":0,"65":0,"66":0,"67":0,"68":0,"69":0,"70":0,"71":0,"72":0},"f":{"0":0,"1":0,"2":0,"3":0,"4":0,"5":0,"6":0,"7":0,"8":0,"9":0,"10":0,"11":0},"b":{"0":[0,0],"1":[0,0],"2":[0,0],"3":[0,0],"4":[0,0],"5":[0,0],"6":[0,0],"7":[0,0]},"_coverageSchema":"43e27e138ebf9cfc5966b082cf9a028302ed4184","hash":"feb0c7fd013fe55a6d229e77a7972024ab405b04"}
,"/Users/jacobhulten/Desktop/project/AutomaticScheduler/sum.js": {"path":"/Users/jacobhulten/Desktop/project/AutomaticScheduler/sum.js","statementMap":{"0":{"start":{"line":2,"column":2},"end":{"line":2,"column":15}},"1":{"start":{"line":4,"column":0},"end":{"line":4,"column":21}}},"fnMap":{"0":{"name":"sum","decl":{"start":{"line":1,"column":9},"end":{"line":1,"column":12}},"loc":{"start":{"line":1,"column":19},"end":{"line":3,"column":1}},"line":1}},"branchMap":{},"s":{"0":1,"1":1},"f":{"0":1},"b":{},"_coverageSchema":"43e27e138ebf9cfc5966b082cf9a028302ed4184","hash":"0ede9f01c4bf3a1c85c30c156794c5b0c51145f1"}
}
