{"/Users/jacobhulten/Desktop/project/AutomaticScheduler/index.js":{"path":"/Users/jacobhulten/Desktop/project/AutomaticScheduler/index.js","s":{"1":1,"2":1,"3":1,"4":0,"5":0,"6":0,"7":0,"8":0,"9":0,"10":0,"11":0,"12":0,"13":0,"14":0,"15":0,"16":0,"17":0,"18":1,"19":0,"20":0,"21":0,"22":0,"23":0,"24":0,"25":1,"26":0,"27":0,"28":0,"29":0,"30":0,"31":0,"32":0,"33":0,"34":0,"35":0,"36":0,"37":1,"38":0,"39":0,"40":0,"41":0,"42":0,"43":0,"44":0,"45":0,"46":0,"47":0,"48":0,"49":0,"50":1,"51":0,"52":0,"53":0,"54":0,"55":0,"56":0,"57":0,"58":0,"59":1,"60":0,"61":0,"62":0,"63":0,"64":0,"65":0,"66":0,"67":0,"68":0,"69":0,"70":0,"71":0,"72":0,"73":0},"b":{"1":[0,0],"2":[0,0],"3":[0,0],"4":[0,0],"5":[0,0],"6":[0,0],"7":[0,0],"8":[0,0]},"f":{"1":0,"2":0,"3":0,"4":0,"5":0,"6":0,"7":0,"8":0,"9":0,"10":0,"11":0,"12":0},"fnMap":{"1":{"name":"validateLogin","line":20,"loc":{"start":{"line":20,"column":17},"end":{"line":20,"column":41}}},"2":{"name":"(anonymous_2)","line":23,"loc":{"start":{"line":23,"column":46},"end":{"line":23,"column":60}}},"3":{"name":"writeUserData","line":44,"loc":{"start":{"line":44,"column":17},"end":{"line":44,"column":61}}},"4":{"name":"checkUserExists","line":57,"loc":{"start":{"line":57,"column":17},"end":{"line":57,"column":72}}},"5":{"name":"(anonymous_5)","line":61,"loc":{"start":{"line":61,"column":27},"end":{"line":61,"column":45}}},"6":{"name":"(anonymous_6)","line":62,"loc":{"start":{"line":62,"column":25},"end":{"line":62,"column":48}}},"7":{"name":"verifyUserCredentials","line":74,"loc":{"start":{"line":74,"column":17},"end":{"line":74,"column":78}}},"8":{"name":"(anonymous_8)","line":78,"loc":{"start":{"line":78,"column":27},"end":{"line":78,"column":45}}},"9":{"name":"(anonymous_9)","line":79,"loc":{"start":{"line":79,"column":25},"end":{"line":79,"column":48}}},"10":{"name":"validateAdmin","line":92,"loc":{"start":{"line":92,"column":17},"end":{"line":92,"column":41}}},"11":{"name":"validateRegister","line":107,"loc":{"start":{"line":107,"column":17},"end":{"line":107,"column":44}}},"12":{"name":"(anonymous_12)","line":111,"loc":{"start":{"line":111,"column":36},"end":{"line":111,"column":50}}}},"statementMap":{"1":{"start":{"line":1,"column":0},"end":{"line":1,"column":21}},"2":{"start":{"line":2,"column":0},"end":{"line":2,"column":24}},"3":{"start":{"line":20,"column":0},"end":{"line":41,"column":1}},"4":{"start":{"line":21,"column":4},"end":{"line":21,"column":63}},"5":{"start":{"line":22,"column":4},"end":{"line":22,"column":66}},"6":{"start":{"line":23,"column":4},"end":{"line":40,"column":7}},"7":{"start":{"line":24,"column":6},"end":{"line":39,"column":7}},"8":{"start":{"line":25,"column":10},"end":{"line":25,"column":36}},"9":{"start":{"line":26,"column":10},"end":{"line":26,"column":49}},"10":{"start":{"line":27,"column":10},"end":{"line":27,"column":22}},"11":{"start":{"line":30,"column":10},"end":{"line":30,"column":26}},"12":{"start":{"line":31,"column":10},"end":{"line":31,"column":59}},"13":{"start":{"line":33,"column":10},"end":{"line":38,"column":11}},"14":{"start":{"line":34,"column":14},"end":{"line":34,"column":68}},"15":{"start":{"line":35,"column":14},"end":{"line":35,"column":71}},"16":{"start":{"line":36,"column":14},"end":{"line":36,"column":64}},"17":{"start":{"line":37,"column":10},"end":{"line":37,"column":23}},"18":{"start":{"line":44,"column":0},"end":{"line":54,"column":1}},"19":{"start":{"line":45,"column":4},"end":{"line":45,"column":39}},"20":{"start":{"line":46,"column":4},"end":{"line":46,"column":41}},"21":{"start":{"line":47,"column":4},"end":{"line":50,"column":7}},"22":{"start":{"line":51,"column":4},"end":{"line":51,"column":26}},"23":{"start":{"line":52,"column":4},"end":{"line":52,"column":16}},"24":{"start":{"line":53,"column":4},"end":{"line":53,"column":21}},"25":{"start":{"line":57,"column":0},"end":{"line":72,"column":1}},"26":{"start":{"line":58,"column":4},"end":{"line":58,"column":39}},"27":{"start":{"line":59,"column":4},"end":{"line":59,"column":41}},"28":{"start":{"line":60,"column":4},"end":{"line":60,"column":23}},"29":{"start":{"line":61,"column":4},"end":{"line":71,"column":7}},"30":{"start":{"line":62,"column":8},"end":{"line":68,"column":11}},"31":{"start":{"line":63,"column":12},"end":{"line":63,"column":48}},"32":{"start":{"line":64,"column":12},"end":{"line":64,"column":50}},"33":{"start":{"line":65,"column":12},"end":{"line":67,"column":13}},"34":{"start":{"line":66,"column":14},"end":{"line":66,"column":28}},"35":{"start":{"line":69,"column":8},"end":{"line":69,"column":28}},"36":{"start":{"line":70,"column":8},"end":{"line":70,"column":25}},"37":{"start":{"line":74,"column":0},"end":{"line":90,"column":1}},"38":{"start":{"line":75,"column":4},"end":{"line":75,"column":39}},"39":{"start":{"line":76,"column":4},"end":{"line":76,"column":41}},"40":{"start":{"line":77,"column":4},"end":{"line":77,"column":23}},"41":{"start":{"line":78,"column":4},"end":{"line":89,"column":7}},"42":{"start":{"line":79,"column":8},"end":{"line":86,"column":11}},"43":{"start":{"line":80,"column":12},"end":{"line":80,"column":48}},"44":{"start":{"line":81,"column":12},"end":{"line":81,"column":50}},"45":{"start":{"line":82,"column":12},"end":{"line":82,"column":56}},"46":{"start":{"line":83,"column":12},"end":{"line":85,"column":13}},"47":{"start":{"line":84,"column":14},"end":{"line":84,"column":28}},"48":{"start":{"line":87,"column":8},"end":{"line":87,"column":28}},"49":{"start":{"line":88,"column":8},"end":{"line":88,"column":25}},"50":{"start":{"line":92,"column":0},"end":{"line":103,"column":1}},"51":{"start":{"line":93,"column":4},"end":{"line":93,"column":63}},"52":{"start":{"line":94,"column":4},"end":{"line":94,"column":24}},"53":{"start":{"line":95,"column":4},"end":{"line":102,"column":5}},"54":{"start":{"line":96,"column":8},"end":{"line":96,"column":42}},"55":{"start":{"line":97,"column":8},"end":{"line":97,"column":21}},"56":{"start":{"line":99,"column":8},"end":{"line":99,"column":32}},"57":{"start":{"line":100,"column":8},"end":{"line":100,"column":46}},"58":{"start":{"line":101,"column":8},"end":{"line":101,"column":20}},"59":{"start":{"line":107,"column":0},"end":{"line":134,"column":1}},"60":{"start":{"line":108,"column":4},"end":{"line":108,"column":63}},"61":{"start":{"line":109,"column":4},"end":{"line":109,"column":69}},"62":{"start":{"line":110,"column":4},"end":{"line":110,"column":71}},"63":{"start":{"line":111,"column":4},"end":{"line":133,"column":7}},"64":{"start":{"line":112,"column":8},"end":{"line":132,"column":9}},"65":{"start":{"line":113,"column":12},"end":{"line":113,"column":46}},"66":{"start":{"line":114,"column":12},"end":{"line":114,"column":25}},"67":{"start":{"line":123,"column":13},"end":{"line":132,"column":9}},"68":{"start":{"line":124,"column":12},"end":{"line":124,"column":46}},"69":{"start":{"line":125,"column":12},"end":{"line":125,"column":25}},"70":{"start":{"line":128,"column":12},"end":{"line":128,"column":42}},"71":{"start":{"line":129,"column":12},"end":{"line":129,"column":37}},"72":{"start":{"line":130,"column":12},"end":{"line":130,"column":48}},"73":{"start":{"line":131,"column":12},"end":{"line":131,"column":24}}},"branchMap":{"1":{"line":24,"type":"if","locations":[{"start":{"line":24,"column":6},"end":{"line":24,"column":6}},{"start":{"line":24,"column":6},"end":{"line":24,"column":6}}]},"2":{"line":33,"type":"if","locations":[{"start":{"line":33,"column":10},"end":{"line":33,"column":10}},{"start":{"line":33,"column":10},"end":{"line":33,"column":10}}]},"3":{"line":65,"type":"if","locations":[{"start":{"line":65,"column":12},"end":{"line":65,"column":12}},{"start":{"line":65,"column":12},"end":{"line":65,"column":12}}]},"4":{"line":83,"type":"if","locations":[{"start":{"line":83,"column":12},"end":{"line":83,"column":12}},{"start":{"line":83,"column":12},"end":{"line":83,"column":12}}]},"5":{"line":83,"type":"binary-expr","locations":[{"start":{"line":83,"column":16},"end":{"line":83,"column":39}},{"start":{"line":83,"column":43},"end":{"line":83,"column":68}}]},"6":{"line":95,"type":"if","locations":[{"start":{"line":95,"column":4},"end":{"line":95,"column":4}},{"start":{"line":95,"column":4},"end":{"line":95,"column":4}}]},"7":{"line":112,"type":"if","locations":[{"start":{"line":112,"column":8},"end":{"line":112,"column":8}},{"start":{"line":112,"column":8},"end":{"line":112,"column":8}}]},"8":{"line":123,"type":"if","locations":[{"start":{"line":123,"column":13},"end":{"line":123,"column":13}},{"start":{"line":123,"column":13},"end":{"line":123,"column":13}}]}}}}