TN:
SF:/Users/jacobhulten/Desktop/project/AutomaticScheduler/index.js
FN:20,validateLogin
FN:23,(anonymous_2)
FN:44,writeUserData
FN:57,checkUserExists
FN:61,(anonymous_5)
FN:62,(anonymous_6)
FN:74,verifyUserCredentials
FN:78,(anonymous_8)
FN:79,(anonymous_9)
FN:92,validateAdmin
FN:107,validateRegister
FN:111,(anonymous_12)
FNF:12
FNH:0
FNDA:0,validateLogin
FNDA:0,(anonymous_2)
FNDA:0,writeUserData
FNDA:0,checkUserExists
FNDA:0,(anonymous_5)
FNDA:0,(anonymous_6)
FNDA:0,verifyUserCredentials
FNDA:0,(anonymous_8)
FNDA:0,(anonymous_9)
FNDA:0,validateAdmin
FNDA:0,validateRegister
FNDA:0,(anonymous_12)
DA:1,1
DA:2,1
DA:20,1
DA:21,0
DA:22,0
DA:23,0
DA:24,0
DA:25,0
DA:26,0
DA:27,0
DA:30,0
DA:31,0
DA:33,0
DA:34,0
DA:35,0
DA:36,0
DA:37,0
DA:44,1
DA:45,0
DA:46,0
DA:47,0
DA:51,0
DA:52,0
DA:53,0
DA:57,1
DA:58,0
DA:59,0
DA:60,0
DA:61,0
DA:62,0
DA:63,0
DA:64,0
DA:65,0
DA:66,0
DA:69,0
DA:70,0
DA:74,1
DA:75,0
DA:76,0
DA:77,0
DA:78,0
DA:79,0
DA:80,0
DA:81,0
DA:82,0
DA:83,0
DA:84,0
DA:87,0
DA:88,0
DA:92,1
DA:93,0
DA:94,0
DA:95,0
DA:96,0
DA:97,0
DA:99,0
DA:100,0
DA:101,0
DA:107,1
DA:108,0
DA:109,0
DA:110,0
DA:111,0
DA:112,0
DA:113,0
DA:114,0
DA:123,0
DA:124,0
DA:125,0
DA:128,0
DA:129,0
DA:130,0
DA:131,0
LF:73
LH:8
BRDA:24,1,0,0
BRDA:24,1,1,0
BRDA:33,2,0,0
BRDA:33,2,1,0
BRDA:65,3,0,0
BRDA:65,3,1,0
BRDA:83,4,0,0
BRDA:83,4,1,0
BRDA:83,5,0,0
BRDA:83,5,1,0
BRDA:95,6,0,0
BRDA:95,6,1,0
BRDA:112,7,0,0
BRDA:112,7,1,0
BRDA:123,8,0,0
BRDA:123,8,1,0
BRF:16
BRH:0
end_of_record
